2019-48-08 12:48:03.171 [main] INFO   - Станция не найдена Выселки
2019-48-08 12:48:08.822 [main] INFO   - Станция не найдена Новогиреево
2019-08-08 12:49:44.525 [main] INFO   - Станция не найдена Бутово
2019-08-08 12:49:49.192 [main] INFO   - Станция не найдена Южная
2019-08-08 13:19:43.125 [main] INFO   - Ввод станции Площадь Александра Невского
2019-08-08 13:19:46.009 [main] INFO   - Ввод станции Фили
2019-08-08 13:19:56.792 [main] INFO   - Ввод станции Невский проспект
2019-08-08 14:12:02.329 [main] INFO   - Ввод станции Маяковаская
2019-08-08 14:12:09.459 [main] INFO   - Ввод станции Маяковская
2019-08-08 14:12:15.780 [main] INFO   - Ввод станции Гостинный двор
2019-08-08 14:12:25.820 [main] INFO   - Ввод станции Гостиный двор
2019-08-08 14:21:50.346 [main] INFO   - Ввод станции 
2019-08-08 14:21:52.710 [main] INFO   - Ввод станции sad
2019-08-08 14:22:02.591 [main] INFO   - Ввод станции Ленинская
2019-08-08 14:22:11.647 [main] INFO   - Ввод станции Невский проспект
2019-08-08 14:22:56.975 [main] INFO   - Ввод станции Гостинный двор
2019-08-08 14:23:02.872 [main] INFO   - Ввод станции Гостиный двор
2019-08-08 14:28:41.078 [main] INFO   - Ввод станции Гостиный двор
2019-08-08 14:28:49.978 [main] INFO   - Ввод станции Маяковская
2019-08-08 14:28:49.978 [main] ERROR Main - Тестовое исключение
2019-08-08 14:42:21.011 [main] INFO   - Ввод станции 111
2019-08-08 14:42:38.686 [main] INFO   - Ввод станции Новогиреевская
2019-08-08 14:42:45.470 [main] INFO   - Ввод станции Гостиный двор
2019-08-08 14:42:52.373 [main] INFO   - Ввод станции Танковая
2019-08-08 14:42:58.709 [main] INFO   - Ввод станции Невский проспект
2019-08-08 14:42:58.711 [main] ERROR Main - Тестовое исключение
2019-08-08 15:15:04.483 [main] INFO   - Ввод станции Гражданский проспект
2019-08-08 15:15:11.214 [main] INFO   - Ввод станции Площадь восстания
2019-08-08 15:15:11.214 [main] ERROR StationIndex - Тестовое исключение
2019-08-08 15:24:39.002 [main] INFO   - Ввод станции эжэ\ж
2019-08-08 15:24:56.624 [main] INFO   - Ввод станции Чернышевская
2019-08-08 15:25:00.159 [main] INFO   - Ввод станции Волковская
2019-08-08 15:25:00.162 [main] ERROR StationIndex - Тестовое исключение
2019-08-08 15:26:52.530 [main] INFO   - Ввод станции Звенигородская
2019-08-08 15:26:57.066 [main] INFO   - Ввод станции обводной канал
2019-08-08 15:27:11.578 [main] INFO   - Ввод станции Ладожская
2019-08-08 15:27:11.579 [main] ERROR StationIndex - Тестовое исключение
2019-08-08 15:28:04.681 [main] INFO   - Ввод станции Садовая
2019-08-08 15:28:10.076 [main] INFO   - Ввод станции Электросила
2019-08-08 15:28:10.077 [main] ERROR  - Тестовое исключение
2019-08-08 15:36:35.247 [main] INFO   - Ввод станции Беговая
2019-08-08 15:36:39.243 [main] INFO   - Ввод станции Ладожская
2019-08-08 15:36:39.244 [main] ERROR  - Тестовое исключение
2019-08-08 15:39:07.380 [main] INFO   - Ввод станции выаыа
2019-08-08 15:39:25.160 [main] INFO   - Ввод станции Академическая
2019-08-08 15:39:31.338 [main] INFO   - Ввод станции Озерки
2019-08-08 15:40:28.058 [main] INFO   - Ввод станции Озерки
2019-08-08 15:40:32.709 [main] INFO   - Ввод станции Горьковская
2019-08-08 15:40:32.710 [main] ERROR  - Тестовое исключение
2019-08-11 00:47:09.459 [main] INFO   - Ввод станции Чкаловкая
2019-08-11 00:47:16.676 [main] INFO   - Ввод станции чкаловская
2019-08-11 00:47:24.858 [main] INFO   - Ввод станции спортивная
2019-08-11 00:47:24.863 [main] ERROR  - Тестовое исключение
2019-08-11 01:01:03.461 [main] INFO   - Ввод станции Чкаловская
2019-08-11 01:01:07.622 [main] INFO   - Ввод станции Митинки
2019-08-11 01:01:13.801 [main] INFO   - Ввод станции Чкаловская
2019-08-11 01:01:13.801 [main] ERROR  - Тестовое исключение
2019-08-11 01:05:13.219 [main] INFO   - Ввод станции Спортивная
2019-08-11 01:05:21.403 [main] INFO   - Ввод станции Новочеркасская
2019-08-11 01:05:21.408 [main] ERROR Main - Тестовое исключение
2019-08-11 01:07:01.497 [main] INFO   - Ввод станции Спортивная
2019-08-11 01:07:06.241 [main] INFO   - Ввод станции Новочеркасская
2019-08-11 01:07:06.241 [main] ERROR Main - Тестовое исключение
2019-08-11 01:12:53.370 [main] INFO   - Ввод станции Площадь александра невского
2019-08-11 01:12:56.609 [main] INFO   - Ввод станции Спортивная
2019-08-11 01:16:38.313 [main] INFO   - Ввод станции Спортивная
2019-08-11 01:16:41.898 [main] INFO   - Ввод станции Чкаловская
2019-08-11 01:16:41.898 [main] ERROR Main - Тестовое исключение
2019-08-11 01:23:53.815 [main] INFO   - Ввод станции Чкаловская
2019-08-11 01:23:58.370 [main] INFO   - Ввод станции Спортивная
2019-08-11 01:23:58.373 [main] ERROR Main - Тестовое исключение
2019-08-12 23:40:28.973 [main] INFO   - Ввод станции Спортивная
2019-08-12 23:40:38.543 [main] INFO   - Ввод станции Площадь Александра Невского
